Loading features from data/features ...
No validation set found - splitting 20% from training data.
Train: 34093 samples, 3780 features
Val:   8524 samples
Class balance (train): 17.26% positive

Running grid search ...
Fitting 3 folds for each of 12 candidates, totalling 36 fits
[CV 1/3] END svm__C=0.1, svm__gamma=auto, svm__kernel=linear;, score=0.954 total time=44.5min
[CV 1/3] END svm__C=1, svm__gamma=scale, svm__kernel=linear;, score=0.954 total time=45.0min
[CV 1/3] END svm__C=0.1, svm__gamma=scale, svm__kernel=linear;, score=0.954 total time=46.0min
[CV 2/3] END svm__C=0.1, svm__gamma=auto, svm__kernel=linear;, score=0.960 total time=47.0min
[CV 2/3] END svm__C=0.1, svm__gamma=scale, svm__kernel=linear;, score=0.960 total time=47.9min
[CV 3/3] END svm__C=0.1, svm__gamma=scale, svm__kernel=linear;, score=0.953 total time=48.5min
[CV 2/3] END svm__C=1, svm__gamma=scale, svm__kernel=linear;, score=0.960 total time=48.7min
[CV 3/3] END svm__C=0.1, svm__gamma=auto, svm__kernel=linear;, score=0.953 total time=49.7min
[CV 3/3] END svm__C=1, svm__gamma=scale, svm__kernel=linear;, score=0.953 total time=49.8min
[CV 1/3] END svm__C=1, svm__gamma=auto, svm__kernel=linear;, score=0.954 total time=39.6min
[CV 2/3] END svm__C=1, svm__gamma=auto, svm__kernel=linear;, score=0.960 total time=42.3min
[CV 1/3] END svm__C=10, svm__gamma=scale, svm__kernel=linear;, score=0.954 total time=40.6min
[CV 3/3] END svm__C=1, svm__gamma=auto, svm__kernel=linear;, score=0.953 total time=44.2min
[CV 1/3] END svm__C=1, svm__gamma=scale, svm__kernel=rbf;, score=0.984 total time=99.3min
[CV 2/3] END svm__C=10, svm__gamma=scale, svm__kernel=linear;, score=0.960 total time=42.3min
[CV 3/3] END svm__C=10, svm__gamma=scale, svm__kernel=linear;, score=0.953 total time=43.4min
[CV 2/3] END svm__C=1, svm__gamma=scale, svm__kernel=rbf;, score=0.985 total time=90.1min
[CV 3/3] END svm__C=1, svm__gamma=scale, svm__kernel=rbf;, score=0.982 total time=91.6min
[CV 1/3] END svm__C=1, svm__gamma=auto, svm__kernel=rbf;, score=0.984 total time=91.9min
[CV 2/3] END svm__C=1, svm__gamma=auto, svm__kernel=rbf;, score=0.985 total time=92.6min
[CV 3/3] END svm__C=1, svm__gamma=auto, svm__kernel=rbf;, score=0.982 total time=93.1min
[CV 1/3] END svm__C=10, svm__gamma=auto, svm__kernel=linear;, score=0.954 total time=35.7min
[CV 3/3] END svm__C=0.1, svm__gamma=scale, svm__kernel=rbf;, score=0.974 total time=167.2min
[CV 1/3] END svm__C=0.1, svm__gamma=auto, svm__kernel=rbf;, score=0.973 total time=167.4min
[CV 1/3] END svm__C=0.1, svm__gamma=scale, svm__kernel=rbf;, score=0.973 total time=168.5min
[CV 2/3] END svm__C=10, svm__gamma=auto, svm__kernel=linear;, score=0.960 total time=37.2min
[CV 2/3] END svm__C=0.1, svm__gamma=auto, svm__kernel=rbf;, score=0.980 total time=170.0min
[CV 2/3] END svm__C=0.1, svm__gamma=scale, svm__kernel=rbf;, score=0.980 total time=170.4min
[CV 3/3] END svm__C=0.1, svm__gamma=auto, svm__kernel=rbf;, score=0.974 total time=170.6min
[CV 3/3] END svm__C=10, svm__gamma=auto, svm__kernel=linear;, score=0.953 total time=36.3min
[CV 1/3] END svm__C=10, svm__gamma=scale, svm__kernel=rbf;, score=0.983 total time=80.8min
[CV 2/3] END svm__C=10, svm__gamma=scale, svm__kernel=rbf;, score=0.986 total time=80.0min
[CV 3/3] END svm__C=10, svm__gamma=scale, svm__kernel=rbf;, score=0.982 total time=73.6min
[CV 1/3] END svm__C=10, svm__gamma=auto, svm__kernel=rbf;, score=0.983 total time=43.1min
[CV 2/3] END svm__C=10, svm__gamma=auto, svm__kernel=rbf;, score=0.986 total time=39.9min
[CV 3/3] END svm__C=10, svm__gamma=auto, svm__kernel=rbf;, score=0.982 total time=39.4min
Best params: {'svm__C': 10, 'svm__gamma': 'scale', 'svm__kernel': 'rbf'}
Best CV F1:  0.9836

--- Validation results ---
              precision    recall  f1-score   support

  background       0.99      1.00      1.00      7052
       plate       0.99      0.98      0.98      1472

    accuracy                           0.99      8524
   macro avg       0.99      0.99      0.99      8524
weighted avg       0.99      0.99      0.99      8524


Model saved to models/svm_plate.joblib